<?xml version="1.0" encoding="UTF-8"?>
<!-- Generated by org.testng.reporters.JUnitReportReporter -->
<testsuite hostname="LAPTOP-RB8GKPRQ" failures="0" tests="2" name="org.obs.testngbasics.LoginPageTest" time="21.728" errors="0" timestamp="2023-09-09T10:24:16 IST" skipped="0">
  <testcase classname="org.obs.testngbasics.LoginPageTest" name="verifyUserLogin" time="14.884"/>
  <testcase classname="org.obs.testngbasics.LoginPageTest" name="verifyLoginPageTitle" time="6.844"/>
</testsuite> <!-- org.obs.testngbasics.LoginPageTest -->
