<?xml version="1.0" encoding="UTF-8"?>
<!-- Generated by org.testng.reporters.JUnitReportReporter -->
<testsuite hostname="LAPTOP-RB8GKPRQ" failures="0" tests="2" name="org.obs.testngbasics.RegisterPageTest" time="18.606" errors="0" timestamp="2023-09-09T10:24:17 IST" skipped="0">
  <testcase classname="org.obs.testngbasics.RegisterPageTest" name="verifyRegisterPageTitle" time="6.233"/>
  <testcase classname="org.obs.testngbasics.RegisterPageTest" name="verifyUserRegistration" time="12.373"/>
</testsuite> <!-- org.obs.testngbasics.RegisterPageTest -->
