<?xml version="1.0" encoding="UTF-8"?>
<!-- Generated by org.testng.reporters.JUnitReportReporter -->
<testsuite hostname="LAPTOP-RB8GKPRQ" failures="0" tests="3" name="org.obs.testngbasics.LoginPageTest" time="35.268" errors="0" timestamp="2023-09-12T20:48:22 IST" skipped="0">
  <testcase classname="org.obs.testngbasics.LoginPageTest" name="verifyInvalidUserLogin" time="9.587"/>
  <testcase classname="org.obs.testngbasics.LoginPageTest" name="verifyInvalidUserLogin" time="15.528"/>
  <testcase classname="org.obs.testngbasics.LoginPageTest" name="verifyInvalidUserLogin" time="10.153"/>
</testsuite> <!-- org.obs.testngbasics.LoginPageTest -->
